==> Vault server configuration:

             Api Address: http://127.0.0.1:8200
                     Cgo: disabled
         Cluster Address: https://127.0.0.1:8201
   Environment Variables: ASDF_CONFIG_FILE, ASDF_DATA_DIR, ASDF_DEFAULT_TOOL_VERSIONS_FILENAME, ASDF_DIR, BROWSER, CLOUDENV_ENVIRONMENT_ID, CODESPACES, CODESPACE_NAME, CODESPACE_VSCODE_FOLDER, COLORTERM, CONDA_DIR, CONDA_SCRIPT, ContainerVersion, DEBIAN_FLAVOR, DOCKER_BUILDKIT, DOTNET_ROOT, DOTNET_SKIP_FIRST_TIME_EXPERIENCE, DYNAMIC_INSTALL_ROOT_DIR, ENABLE_DYNAMIC_INSTALL, GEM_HOME, GEM_PATH, GITHUB_API_URL, GITHUB_CODESPACES_PORT_FORWARDING_DOMAIN, GITHUB_CODESPACE_TOKEN, GITHUB_GRAPHQL_URL, GITHUB_REPOSITORY, GITHUB_SERVER_URL, GITHUB_TOKEN, GITHUB_USER, GIT_ASKPASS, GIT_EDITOR, GODEBUG, GOPATH, GOROOT, GRADLE_HOME, HOME, HOSTNAME, HUGO_DIR, HUGO_ROOT, INTERNAL_VSCS_TARGET_URL, IRBRC, JAVA_HOME, JAVA_ROOT, JUPYTERLAB_PATH, LANG, LESSCLOSE, LESSOPEN, LS_COLORS, MAVEN_HOME, MAVEN_ROOT, MY_RUBY_HOME, NODE_OPTIONS, NODE_ROOT, NPM_GLOBAL, NUGET_XMLDOC_MODE, NVM_BIN, NVM_CD_FLAGS, NVM_DIR, NVM_INC, NVM_SYMLINK_CURRENT, NVS_DIR, NVS_HOME, NVS_OS, NVS_ROOT, NVS_USE_XZ, OLDPWD, ORYX_DIR, ORYX_ENV_TYPE, ORYX_PREFER_USER_INSTALLED_SDKS, ORYX_SDK_STORAGE_BASE_URL, PATH, PHP_PATH, PHP_ROOT, PIPX_BIN_DIR, PIPX_HOME, PROMPT_DIRTRIM, PWD, PYTHONIOENCODING, PYTHON_PATH, PYTHON_ROOT, RAILS_DEVELOPMENT_HOSTS, RUBY_HOME, RUBY_ROOT, RUBY_VERSION, RVM_PATH, RepositoryName, SDKMAN_CANDIDATES_API, SDKMAN_CANDIDATES_DIR, SDKMAN_DIR, SDKMAN_PLATFORM, SHELL, SHELL_LOGGED_IN, SHLVL, TERM, TERM_PROGRAM, TERM_PROGRAM_VERSION, USER, VSCODE_GIT_ASKPASS_EXTRA_ARGS, VSCODE_GIT_ASKPASS_MAIN, VSCODE_GIT_ASKPASS_NODE, VSCODE_GIT_IPC_HANDLE, VSCODE_IPC_HOOK_CLI, rvm_bin_path, rvm_path, rvm_prefix, rvm_version
              Go Version: go1.20.1
              Listener 1: tcp (addr: "0.0.0.0:8200", cluster address: "0.0.0.0:8201", max_request_duration: "1m30s", max_request_size: "33554432", tls: "disabled")
               Log Level: 
                   Mlock: supported: true, enabled: false
           Recovery Mode: false
                 Storage: file
                 Version: Vault v1.13.1, built 2023-03-23T12:51:35Z
             Version Sha: 4472e4a3fbcc984b7e3dc48f5a8283f3efe6f282

==> Vault server started! Log data will stream in below:

2023-04-24T21:32:08.971Z [INFO]  proxy environment: http_proxy="" https_proxy="" no_proxy=""
2023-04-24T21:32:08.980Z [INFO]  core: Initializing version history cache for core
2023-04-24T21:32:37.018Z [INFO]  core: security barrier not initialized
2023-04-24T21:32:37.018Z [INFO]  core: seal configuration missing, not initialized
2023-04-24T21:32:37.020Z [INFO]  core: security barrier not initialized
2023-04-24T21:32:37.020Z [INFO]  core: security barrier initialized: stored=1 shares=1 threshold=1
2023-04-24T21:32:37.021Z [INFO]  core: post-unseal setup starting
2023-04-24T21:32:37.040Z [INFO]  core: loaded wrapping token key
2023-04-24T21:32:37.040Z [INFO]  core: successfully setup plugin catalog: plugin-directory=""
2023-04-24T21:32:37.040Z [INFO]  core: no mounts; adding default mount table
2023-04-24T21:32:37.043Z [INFO]  core: successfully mounted: type=cubbyhole version="v1.13.1+builtin.vault" path=cubbyhole/ namespace="ID: root. Path: "
2023-04-24T21:32:37.044Z [INFO]  core: successfully mounted: type=system version="v1.13.1+builtin.vault" path=sys/ namespace="ID: root. Path: "
2023-04-24T21:32:37.045Z [INFO]  core: successfully mounted: type=identity version="v1.13.1+builtin.vault" path=identity/ namespace="ID: root. Path: "
2023-04-24T21:32:37.058Z [INFO]  core: successfully mounted: type=token version="v1.13.1+builtin.vault" path=token/ namespace="ID: root. Path: "
2023-04-24T21:32:37.061Z [INFO]  rollback: starting rollback manager
2023-04-24T21:32:37.063Z [INFO]  core: restoring leases
2023-04-24T21:32:37.063Z [INFO]  expiration: lease restore complete
2023-04-24T21:32:37.064Z [INFO]  identity: entities restored
2023-04-24T21:32:37.064Z [INFO]  identity: groups restored
2023-04-24T21:32:37.065Z [INFO]  core: Recorded vault version: vault version=1.13.1 upgrade time="2023-04-24 21:32:37.065165623 +0000 UTC" build date=2023-03-23T12:51:35Z
2023-04-24T21:32:37.784Z [INFO]  core: post-unseal setup complete
2023-04-24T21:32:37.786Z [INFO]  core: root token generated
2023-04-24T21:32:37.786Z [INFO]  core: pre-seal teardown starting
2023-04-24T21:32:37.789Z [INFO]  rollback: stopping rollback manager
2023-04-24T21:32:37.789Z [INFO]  core: pre-seal teardown complete
2023-04-24T21:32:41.270Z [INFO]  core.cluster-listener.tcp: starting listener: listener_address=0.0.0.0:8201
2023-04-24T21:32:41.270Z [INFO]  core.cluster-listener: serving cluster requests: cluster_listen_address=[::]:8201
2023-04-24T21:32:41.270Z [INFO]  core: post-unseal setup starting
2023-04-24T21:32:41.270Z [INFO]  core: loaded wrapping token key
2023-04-24T21:32:41.270Z [INFO]  core: successfully setup plugin catalog: plugin-directory=""
2023-04-24T21:32:41.271Z [INFO]  core: successfully mounted: type=system version="v1.13.1+builtin.vault" path=sys/ namespace="ID: root. Path: "
2023-04-24T21:32:41.278Z [INFO]  core: successfully mounted: type=identity version="v1.13.1+builtin.vault" path=identity/ namespace="ID: root. Path: "
2023-04-24T21:32:41.278Z [INFO]  core: successfully mounted: type=cubbyhole version="v1.13.1+builtin.vault" path=cubbyhole/ namespace="ID: root. Path: "
2023-04-24T21:32:41.279Z [INFO]  core: successfully mounted: type=token version="v1.13.1+builtin.vault" path=token/ namespace="ID: root. Path: "
2023-04-24T21:32:41.280Z [INFO]  rollback: starting rollback manager
2023-04-24T21:32:41.280Z [INFO]  core: restoring leases
2023-04-24T21:32:41.280Z [INFO]  expiration: lease restore complete
2023-04-24T21:32:41.280Z [INFO]  identity: entities restored
2023-04-24T21:32:41.281Z [INFO]  identity: groups restored
2023-04-24T21:32:41.281Z [INFO]  core: post-unseal setup complete
2023-04-24T21:32:41.281Z [INFO]  core: vault is unsealed
2023-04-24T21:33:29.977Z [INFO]  core: enabled audit backend: path=file/ type=file
